<?xml version="1.0" encoding="UTF-8"?>
<!-- Generated by org.testng.reporters.JUnitReportReporter -->
<testsuite hostname="OKDTJM114S3" failures="0" tests="1" name="org.toolsqa.Tests.CheckoutTest" time="3.837" errors="0" timestamp="2023-06-12T15:55:05 SAST" skipped="0">
  <testcase classname="org.toolsqa.Tests.CheckoutTest" name="addItemsToCartAndCheckoutTest" time="3.837"/>
</testsuite> <!-- org.toolsqa.Tests.CheckoutTest -->
