<?xml version="1.0" encoding="UTF-8"?>
<!-- Generated by org.testng.reporters.JUnitReportReporter -->
<testsuite hostname="OKDTJM114S3" failures="0" tests="2" name="org.toolsqa.Tests.LoginTest" time="10.825" errors="0" timestamp="2023-06-12T15:55:05 SAST" skipped="1">
  <testcase classname="org.toolsqa.Tests.LoginTest" name="invalidLoginTest" time="10.825"/>
  <testcase classname="org.toolsqa.Tests.LoginTest" name="invalidLoginTest" time="0.000">
    <skipped/>
  </testcase> <!-- invalidLoginTest -->
</testsuite> <!-- org.toolsqa.Tests.LoginTest -->
