<?xml version="1.0" encoding="UTF-8"?>
<!-- Generated by org.testng.reporters.JUnitReportReporter -->
<testsuite hostname="OKDTJM114S3" failures="0" tests="1" name="org.toolsqa.Tests.LoginTest" time="10.695" errors="0" timestamp="2023-06-12T10:15:57 SAST" skipped="0">
  <testcase classname="org.toolsqa.Tests.LoginTest" name="invalidLoginTest" time="10.695"/>
</testsuite> <!-- org.toolsqa.Tests.LoginTest -->
